------------------------------------------------------------
/usr/bin/pip3 run on Mon Aug 27 11:10:55 2018
Downloading/unpacking pip3
  Getting page https://pypi.python.org/simple/pip3/
  Could not fetch URL https://pypi.python.org/simple/pip3/: 404 Client Error: Not Found
  Will skip URL https://pypi.python.org/simple/pip3/ when looking for download links for pip3
  Getting page https://pypi.python.org/simple/
  Real name of requirement pip3 is pip2
  URLs to search for versions for pip3:
  * https://pypi.python.org/simple/pip2/
  Getting page https://pypi.python.org/simple/pip2/
  Analyzing links from page https://pypi.org/simple/pip2/
  Could not find any downloads that satisfy the requirement pip3
Cleaning up...
  Removing temporary dir /tmp/pip_build_root...
No distributions at all found for pip3
Exception information:
Traceback (most recent call last):
  File "/usr/lib/python3/dist-packages/pip/basecommand.py", line 122, in main
    status = self.run(options, args)
  File "/usr/lib/python3/dist-packages/pip/commands/install.py", line 278, in run
    requirement_set.prepare_files(finder, force_root_egg_info=self.bundle, bundle=self.bundle)
  File "/usr/lib/python3/dist-packages/pip/req.py", line 1178, in prepare_files
    url = finder.find_requirement(req_to_install, upgrade=self.upgrade)
  File "/usr/lib/python3/dist-packages/pip/index.py", line 277, in find_requirement
    raise DistributionNotFound('No distributions at all found for %s' % req)
pip.exceptions.DistributionNotFound: No distributions at all found for pip3
